0 info it worked if it ends with ok
1 verbose cli [ 'C:\\Program Files\\nodejs\\node.exe',
1 verbose cli   'C:\\Program Files\\nodejs\\node_modules\\npm\\bin\\npm-cli.js',
1 verbose cli   'run',
1 verbose cli   'test' ]
2 info using npm@3.9.5
3 info using node@v6.2.2
4 verbose run-script [ 'pretest', 'test', 'posttest' ]
5 info lifecycle react.components@1.0.0~pretest: react.components@1.0.0
6 silly lifecycle react.components@1.0.0~pretest: no script for pretest, continuing
7 info lifecycle react.components@1.0.0~test: react.components@1.0.0
8 verbose lifecycle react.components@1.0.0~test: unsafe-perm in lifecycle true
9 verbose lifecycle react.components@1.0.0~test: PATH: C:\Program Files\nodejs\node_modules\npm\bin\node-gyp-bin;C:\Oly\dev\react.components\node_modules\.bin;C:\Program Files\nodejs;C:\Program Files (x86)\cmder\bin;C:\Program Files\Git\bin;C:\Program Files\Git\usr\bin;C:\Program Files\Git\share\vim\vim74;C:\Program Files (x86)\cmder\vendor\conemu-maximus5\ConEmu\Scripts;C:\Program Files (x86)\cmder\vendor\conemu-maximus5;C:\Program Files (x86)\cmder\vendor\conemu-maximus5\ConEmu;C:\ProgramData\Oracle\Java\javapath;C:\Windows\system32;C:\Windows;C:\Windows\System32\Wbem;C:\Windows\System32\WindowsPowerShell\v1.0\;C:\Program Files (x86)\NVIDIA Corporation\PhysX\Common;C:\Program Files\nodejs\;C:\Program Files (x86)\Windows Kits\8.1\Windows Performance Toolkit\;C:\WINDOWS\system32;C:\WINDOWS;C:\WINDOWS\System32\Wbem;C:\WINDOWS\System32\WindowsPowerShell\v1.0\;C:\Program Files (x86)\Skype\Phone\;C:\Program Files\Git\cmd;C:\Program Files\MongoDB\Server\3.2\bin;C:\Users\olive\AppData\Roaming\npm;C:\Program Files\nodejs\node.exe;C:\Python27;%USERPROFILE%\AppData\Local\Microsoft\WindowsApps;;C:\Program Files\Docker Toolbox;C:\Program Files (x86)\cmder
10 verbose lifecycle react.components@1.0.0~test: CWD: C:\Oly\dev\react.components
11 silly lifecycle react.components@1.0.0~test: Args: [ '/d /s /c', 'mocha tests/.setup.js tests/**/*.test.js' ]
12 silly lifecycle react.components@1.0.0~test: Returned: code: 3  signal: null
13 info lifecycle react.components@1.0.0~test: Failed to exec test script
14 verbose stack Error: react.components@1.0.0 test: `mocha tests/.setup.js tests/**/*.test.js`
14 verbose stack Exit status 3
14 verbose stack     at EventEmitter.<anonymous> (C:\Program Files\nodejs\node_modules\npm\lib\utils\lifecycle.js:245:16)
14 verbose stack     at emitTwo (events.js:106:13)
14 verbose stack     at EventEmitter.emit (events.js:191:7)
14 verbose stack     at ChildProcess.<anonymous> (C:\Program Files\nodejs\node_modules\npm\lib\utils\spawn.js:24:14)
14 verbose stack     at emitTwo (events.js:106:13)
14 verbose stack     at ChildProcess.emit (events.js:191:7)
14 verbose stack     at maybeClose (internal/child_process.js:852:16)
14 verbose stack     at Process.ChildProcess._handle.onexit (internal/child_process.js:215:5)
15 verbose pkgid react.components@1.0.0
16 verbose cwd C:\Oly\dev\react.components
17 error Windows_NT 10.0.14393
18 error argv "C:\\Program Files\\nodejs\\node.exe" "C:\\Program Files\\nodejs\\node_modules\\npm\\bin\\npm-cli.js" "run" "test"
19 error node v6.2.2
20 error npm  v3.9.5
21 error code ELIFECYCLE
22 error react.components@1.0.0 test: `mocha tests/.setup.js tests/**/*.test.js`
22 error Exit status 3
23 error Failed at the react.components@1.0.0 test script 'mocha tests/.setup.js tests/**/*.test.js'.
23 error Make sure you have the latest version of node.js and npm installed.
23 error If you do, this is most likely a problem with the react.components package,
23 error not with npm itself.
23 error Tell the author that this fails on your system:
23 error     mocha tests/.setup.js tests/**/*.test.js
23 error You can get information on how to open an issue for this project with:
23 error     npm bugs react.components
23 error Or if that isn't available, you can get their info via:
23 error     npm owner ls react.components
23 error There is likely additional logging output above.
24 verbose exit [ 1, true ]
